<?xml version="1.0" encoding="UTF-8"?>
<testng-results ignored="0" total="9" passed="9" failed="0" skipped="0">
  <reporter-output>
  </reporter-output>
  <suite started-at="2022-08-16T12:16:34 IST" name="Command line suite" finished-at="2022-08-16T12:16:41 IST" duration-ms="7129">
    <groups>
      <group name="cucumber">
        <method signature="AbstractTestNGCucumberTests.runScenario(io.cucumber.testng.PickleWrapper,io.cucumber.testng.FeatureWrapper)[pri:0, instance:runner.TestRunner@4802796d]" name="runScenario" class="io.cucumber.testng.AbstractTestNGCucumberTests"/>
      </group> <!-- cucumber -->
    </groups>
    <test started-at="2022-08-16T12:16:34 IST" name="Command line test" finished-at="2022-08-16T12:16:41 IST" duration-ms="7129">
      <class name="runner.TestRunner">
        <test-method is-config="true" signature="setUpClass()[pri:0, instance:runner.TestRunner@4802796d]" started-at="2022-08-16T12:16:35 IST" name="setUpClass" finished-at="2022-08-16T12:16:35 IST" duration-ms="431" status="PASS">
          <reporter-output>
          </reporter-output>
        </test-method> <!-- setUpClass -->
        <test-method signature="runScenario(io.cucumber.testng.PickleWrapper,io.cucumber.testng.FeatureWrapper)[pri:0, instance:runner.TestRunner@4802796d]" started-at="2022-08-16T12:16:35 IST" name="runScenario" description="Runs Cucumber Scenarios" data-provider="scenarios" finished-at="2022-08-16T12:16:36 IST" duration-ms="1275" status="PASS">
          <params>
            <param index="0">
              <value>
                <![CDATA["Verify that user resource can be created"]]>
              </value>
            </param>
            <param index="1">
              <value>
                <![CDATA["Optional[Tutorial feature]"]]>
              </value>
            </param>
          </params>
          <reporter-output>
          </reporter-output>
        </test-method> <!-- runScenario -->
        <test-method signature="runScenario(io.cucumber.testng.PickleWrapper,io.cucumber.testng.FeatureWrapper)[pri:0, instance:runner.TestRunner@4802796d]" started-at="2022-08-16T12:16:36 IST" name="runScenario" description="Runs Cucumber Scenarios" data-provider="scenarios" finished-at="2022-08-16T12:16:37 IST" duration-ms="114" status="PASS">
          <params>
            <param index="0">
              <value>
                <![CDATA["Verify that user updated successfully"]]>
              </value>
            </param>
            <param index="1">
              <value>
                <![CDATA["Optional[Tutorial feature]"]]>
              </value>
            </param>
          </params>
          <reporter-output>
          </reporter-output>
        </test-method> <!-- runScenario -->
        <test-method signature="runScenario(io.cucumber.testng.PickleWrapper,io.cucumber.testng.FeatureWrapper)[pri:0, instance:runner.TestRunner@4802796d]" started-at="2022-08-16T12:16:37 IST" name="runScenario" description="Runs Cucumber Scenarios" data-provider="scenarios" finished-at="2022-08-16T12:16:37 IST" duration-ms="128" status="PASS">
          <params>
            <param index="0">
              <value>
                <![CDATA["Verify that user deleted successfully"]]>
              </value>
            </param>
            <param index="1">
              <value>
                <![CDATA["Optional[Tutorial feature]"]]>
              </value>
            </param>
          </params>
          <reporter-output>
          </reporter-output>
        </test-method> <!-- runScenario -->
        <test-method signature="runScenario(io.cucumber.testng.PickleWrapper,io.cucumber.testng.FeatureWrapper)[pri:0, instance:runner.TestRunner@4802796d]" started-at="2022-08-16T12:16:37 IST" name="runScenario" description="Runs Cucumber Scenarios" data-provider="scenarios" finished-at="2022-08-16T12:16:37 IST" duration-ms="109" status="PASS">
          <params>
            <param index="0">
              <value>
                <![CDATA["Verify that user description gets updated"]]>
              </value>
            </param>
            <param index="1">
              <value>
                <![CDATA["Optional[Tutorial feature]"]]>
              </value>
            </param>
          </params>
          <reporter-output>
          </reporter-output>
        </test-method> <!-- runScenario -->
        <test-method signature="runScenario(io.cucumber.testng.PickleWrapper,io.cucumber.testng.FeatureWrapper)[pri:0, instance:runner.TestRunner@4802796d]" started-at="2022-08-16T12:16:37 IST" name="runScenario" description="Runs Cucumber Scenarios" data-provider="scenarios" finished-at="2022-08-16T12:16:37 IST" duration-ms="116" status="PASS">
          <params>
            <param index="0">
              <value>
                <![CDATA["Verify that title field is required"]]>
              </value>
            </param>
            <param index="1">
              <value>
                <![CDATA["Optional[Tutorial feature]"]]>
              </value>
            </param>
          </params>
          <reporter-output>
          </reporter-output>
        </test-method> <!-- runScenario -->
        <test-method signature="runScenario(io.cucumber.testng.PickleWrapper,io.cucumber.testng.FeatureWrapper)[pri:0, instance:runner.TestRunner@4802796d]" started-at="2022-08-16T12:16:37 IST" name="runScenario" description="Runs Cucumber Scenarios" data-provider="scenarios" finished-at="2022-08-16T12:16:37 IST" duration-ms="129" status="PASS">
          <params>
            <param index="0">
              <value>
                <![CDATA["Verify that title should only be test"]]>
              </value>
            </param>
            <param index="1">
              <value>
                <![CDATA["Optional[Tutorial feature]"]]>
              </value>
            </param>
          </params>
          <reporter-output>
          </reporter-output>
        </test-method> <!-- runScenario -->
        <test-method signature="runScenario(io.cucumber.testng.PickleWrapper,io.cucumber.testng.FeatureWrapper)[pri:0, instance:runner.TestRunner@4802796d]" started-at="2022-08-16T12:16:37 IST" name="runScenario" description="Runs Cucumber Scenarios" data-provider="scenarios" finished-at="2022-08-16T12:16:37 IST" duration-ms="120" status="PASS">
          <params>
            <param index="0">
              <value>
                <![CDATA["Verify error is thrown when title is given in alphanumeric characters"]]>
              </value>
            </param>
            <param index="1">
              <value>
                <![CDATA["Optional[Tutorial feature]"]]>
              </value>
            </param>
          </params>
          <reporter-output>
          </reporter-output>
        </test-method> <!-- runScenario -->
        <test-method signature="runScenario(io.cucumber.testng.PickleWrapper,io.cucumber.testng.FeatureWrapper)[pri:0, instance:runner.TestRunner@4802796d]" started-at="2022-08-16T12:16:37 IST" name="runScenario" description="Runs Cucumber Scenarios" data-provider="scenarios" finished-at="2022-08-16T12:16:37 IST" duration-ms="134" status="PASS">
          <params>
            <param index="0">
              <value>
                <![CDATA["Verify the description getting updated"]]>
              </value>
            </param>
            <param index="1">
              <value>
                <![CDATA["Optional[Tutorial feature]"]]>
              </value>
            </param>
          </params>
          <reporter-output>
          </reporter-output>
        </test-method> <!-- runScenario -->
        <test-method signature="runScenario(io.cucumber.testng.PickleWrapper,io.cucumber.testng.FeatureWrapper)[pri:0, instance:runner.TestRunner@4802796d]" started-at="2022-08-16T12:16:37 IST" name="runScenario" description="Runs Cucumber Scenarios" data-provider="scenarios" finished-at="2022-08-16T12:16:37 IST" duration-ms="101" status="PASS">
          <params>
            <param index="0">
              <value>
                <![CDATA["Verify the id should not accept alphanumeric characters"]]>
              </value>
            </param>
            <param index="1">
              <value>
                <![CDATA["Optional[Tutorial feature]"]]>
              </value>
            </param>
          </params>
          <reporter-output>
          </reporter-output>
        </test-method> <!-- runScenario -->
        <test-method is-config="true" signature="tearDownClass()[pri:0, instance:runner.TestRunner@4802796d]" started-at="2022-08-16T12:16:37 IST" name="tearDownClass" finished-at="2022-08-16T12:16:41 IST" duration-ms="3652" status="PASS">
          <reporter-output>
          </reporter-output>
        </test-method> <!-- tearDownClass -->
      </class> <!-- runner.TestRunner -->
    </test> <!-- Command line test -->
  </suite> <!-- Command line suite -->
</testng-results>
